<?xml version="1.0" encoding="UTF-8"?>
<testsuites>
<testsuite>
<testcase name="TestSimpleFile">
<failure message="simple_test.go:128: Running tests in file plumbing"></failure>
</testcase>
<testcase name="TestSimpleFile/plumbing/min/min_program">
PASS
</testcase>
<testcase name="TestSimpleFile/plumbing/eval_results/error_result">
PASS
</testcase>
<testcase name="TestSimpleFile/plumbing/eval_results/eval_map_results">
PASS
</testcase>
<testcase name="TestSimpleFile/plumbing/check_inputs/skip_check">
PASS
</testcase>
<testcase name="TestSimpleFile/plumbing/eval_inputs/one_ignored_value_arg">
PASS
</testcase>
<testcase name="TestSimpleFile/basic/self_eval_zeroish/self_eval_int_zero">
PASS
</testcase>
<testcase name="TestSimpleFile/basic/self_eval_zeroish/self_eval_uint_zero">
PASS
</testcase>
<testcase name="TestSimpleFile/basic/self_eval_zeroish/self_eval_float_zero">
PASS
</testcase>
<testcase name="TestSimpleFile/basic/self_eval_zeroish/self_eval_float_zerowithexp">
PASS
</testcase>
<testcase name="TestSimpleFile/basic/self_eval_zeroish/self_eval_string_empty">
PASS
</testcase>
<testcase name="TestSimpleFile/basic/self_eval_zeroish/self_eval_string_empty_quotes">
PASS
</testcase>
<testcase name="TestSimpleFile/basic/self_eval_zeroish/self_eval_string_raw_prefix">
PASS
</testcase>
<testcase name="TestSimpleFile/basic/self_eval_zeroish/self_eval_bytes_empty">
PASS
</testcase>
<testcase name="TestSimpleFile/basic/self_eval_zeroish/self_eval_bool_false">
PASS
</testcase>
<testcase name="TestSimpleFile/basic/self_eval_zeroish/self_eval_null">
PASS
</testcase>
<testcase name="TestSimpleFile/basic/self_eval_zeroish/self_eval_empty_list">
PASS
</testcase>
<testcase name="TestSimpleFile/basic/self_eval_zeroish/self_eval_empty_map">
PASS
</testcase>
<testcase name="TestSimpleFile/basic/self_eval_nonzeroish/self_eval_int_nonzero">
PASS
</testcase>
<testcase name="TestSimpleFile/basic/self_eval_nonzeroish/self_eval_uint_nonzero">
PASS
</testcase>
<testcase name="TestSimpleFile/basic/self_eval_nonzeroish/self_eval_int_negative_min">
PASS
</testcase>
<testcase name="TestSimpleFile/basic/self_eval_nonzeroish/self_eval_float_negative_exp">
PASS
</testcase>
<testcase name="TestSimpleFile/basic/self_eval_nonzeroish/self_eval_string_excl">
PASS
</testcase>
<testcase name="TestSimpleFile/basic/self_eval_nonzeroish/self_eval_string_escape">
PASS
</testcase>
<testcase name="TestSimpleFile/basic/self_eval_nonzeroish/self_eval_bytes_escape">
PASS
</testcase>
<testcase name="TestSimpleFile/basic/self_eval_nonzeroish/self_eval_list_singleitem">
PASS
</testcase>
<testcase name="TestSimpleFile/basic/self_eval_nonzeroish/self_eval_map_singleitem">
PASS
</testcase>
<testcase name="TestSimpleFile/basic/self_eval_nonzeroish/self_eval_bool_true">
PASS
</testcase>
<testcase name="TestSimpleFile/basic/variables/self_eval_bound_lookup">
PASS
</testcase>
<testcase name="TestSimpleFile/basic/variables/self_eval_qualified_lookup">
PASS
</testcase>
<testcase name="TestSimpleFile/basic/namespace/self_eval_container_lookup">
PASS
</testcase>
<testcase name="TestSimpleFile/basic/namespace/self_eval_container_lookup_unchecked">
PASS
</testcase>
<testcase name="TestSimpleFile/basic/reserved_const/false">
PASS
</testcase>
<testcase name="TestSimpleFile/basic/reserved_const/true">
PASS
</testcase>
<testcase name="TestSimpleFile/basic/reserved_const/null">
PASS
</testcase>
<testcase name="TestSimpleFile/broken/basic.textproto/variables/self_eval_unbound_lookup">
<failure message="simple_test.go:136: Got unknown:<lt;exprs:1 >gt; , want error"></failure>
</testcase>
<testcase name="TestSimpleFile/broken/comparisons.textproto/in_map_literal/key_in_mixed_key_type_map_error">
PASS
</testcase>
<testcase name="TestSimpleFile/broken/fields.textproto/fields/map_key_float">
PASS
</testcase>
<testcase name="TestSimpleFile/broken/fields.textproto/fields/map_key_null">
<failure message="simple_test.go:136: map_key_null: Fatal parse errors: [code:3 message:"quot;Syntax error: mismatched input ':' expecting <lt;EOF>gt;"quot; details:<lt;type_url:"quot;type.googleapis.com/google.api.expr.v1alpha1.IssueDetails"quot; value:"quot;010003022004030001 004"quot; >gt; ]"></failure>
</testcase>
<testcase name="TestSimpleFile/broken/fields.textproto/fields/map_value_repeat_key">
<failure message="simple_test.go:136: map_value_repeat_key: Eval got [int64_value:3 ], want [int64_value:1 ]"></failure>
</testcase>
<testcase name="TestSimpleFile/broken/integer_math.textproto/simple_math/int64_overflow_positive">
PASS
</testcase>
<testcase name="TestSimpleFile/broken/integer_math.textproto/simple_math/int64_overflow_negative">
PASS
</testcase>
<testcase name="TestSimpleFile/broken/integer_math.textproto/simple_math/uint64_overflow_positive">
PASS
</testcase>
<testcase name="TestSimpleFile/broken/integer_math.textproto/simple_math/uint64_overflow_negative">
PASS
</testcase>
<testcase name="TestSimpleFile/comparisons/eq_literal/eq_int">
PASS
</testcase>
<testcase name="TestSimpleFile/comparisons/eq_literal/not_eq_int">
PASS
</testcase>
<testcase name="TestSimpleFile/comparisons/eq_literal/eq_uint">
PASS
</testcase>
<testcase name="TestSimpleFile/comparisons/eq_literal/not_eq_uint">
PASS
</testcase>
<testcase name="TestSimpleFile/comparisons/eq_literal/eq_double">
PASS
</testcase>
<testcase name="TestSimpleFile/comparisons/eq_literal/not_eq_double">
PASS
</testcase>
<testcase name="TestSimpleFile/comparisons/eq_literal/eq_string">
PASS
</testcase>
<testcase name="TestSimpleFile/comparisons/eq_literal/not_eq_string">
PASS
</testcase>
<testcase name="TestSimpleFile/comparisons/eq_literal/eq_raw_string">
PASS
</testcase>
<testcase name="TestSimpleFile/comparisons/eq_literal/not_eq_string_case">
PASS
</testcase>
<testcase name="TestSimpleFile/comparisons/eq_literal/eq_null">
PASS
</testcase>
<testcase name="TestSimpleFile/comparisons/eq_literal/eq_bool">
PASS
</testcase>
<testcase name="TestSimpleFile/comparisons/eq_literal/not_eq_bool">
PASS
</testcase>
<testcase name="TestSimpleFile/comparisons/eq_literal/eq_bytes">
PASS
</testcase>
<testcase name="TestSimpleFile/comparisons/eq_literal/not_eq_bytes">
PASS
</testcase>
<testcase name="TestSimpleFile/comparisons/eq_literal/eq_list_empty">
PASS
</testcase>
<testcase name="TestSimpleFile/comparisons/eq_literal/eq_list_numbers">
PASS
</testcase>
<testcase name="TestSimpleFile/comparisons/eq_literal/not_eq_list_order">
PASS
</testcase>
<testcase name="TestSimpleFile/comparisons/eq_literal/not_eq_list_string_case">
PASS
</testcase>
<testcase name="TestSimpleFile/comparisons/eq_literal/eq_map_empty">
PASS
</testcase>
<testcase name="TestSimpleFile/comparisons/eq_literal/eq_map_onekey">
PASS
</testcase>
<testcase name="TestSimpleFile/comparisons/eq_literal/eq_map_doublevalue">
PASS
</testcase>
<testcase name="TestSimpleFile/comparisons/eq_literal/not_eq_map_value">
PASS
</testcase>
<testcase name="TestSimpleFile/comparisons/eq_literal/not_eq_map_extrakey">
PASS
</testcase>
<testcase name="TestSimpleFile/comparisons/eq_literal/eq_map_keyorder">
PASS
</testcase>
<testcase name="TestSimpleFile/comparisons/eq_literal/not_eq_map_key_casing">
PASS
</testcase>
<testcase name="TestSimpleFile/comparisons/eq_literal/eq_mixed_types_error">
PASS
</testcase>
<testcase name="TestSimpleFile/comparisons/eq_literal/eq_list_elem_mixed_types_error">
PASS
</testcase>
<testcase name="TestSimpleFile/comparisons/eq_literal/eq_map_value_mixed_types_error">
PASS
</testcase>
<testcase name="TestSimpleFile/comparisons/ne_literal/ne_int">
PASS
</testcase>
<testcase name="TestSimpleFile/comparisons/ne_literal/not_ne_int">
PASS
</testcase>
<testcase name="TestSimpleFile/comparisons/ne_literal/ne_uint">
PASS
</testcase>
<testcase name="TestSimpleFile/comparisons/ne_literal/not_ne_uint">
PASS
</testcase>
<testcase name="TestSimpleFile/comparisons/ne_literal/ne_double">
PASS
</testcase>
<testcase name="TestSimpleFile/comparisons/ne_literal/not_ne_double">
PASS
</testcase>
<testcase name="TestSimpleFile/comparisons/ne_literal/ne_string">
PASS
</testcase>
<testcase name="TestSimpleFile/comparisons/ne_literal/not_ne_string">
PASS
</testcase>
<testcase name="TestSimpleFile/comparisons/ne_literal/ne_bytes">
PASS
</testcase>
<testcase name="TestSimpleFile/comparisons/ne_literal/not_ne_bytes">
PASS
</testcase>
<testcase name="TestSimpleFile/comparisons/ne_literal/ne_bool">
PASS
</testcase>
<testcase name="TestSimpleFile/comparisons/ne_literal/not_ne_bool">
PASS
</testcase>
<testcase name="TestSimpleFile/comparisons/ne_literal/not_ne_null">
PASS
</testcase>
<testcase name="TestSimpleFile/comparisons/ne_literal/ne_list_empty">
PASS
</testcase>
<testcase name="TestSimpleFile/comparisons/ne_literal/not_ne_list_empty">
PASS
</testcase>
<testcase name="TestSimpleFile/comparisons/ne_literal/ne_list_bool">
PASS
</testcase>
<testcase name="TestSimpleFile/comparisons/ne_literal/not_ne_list_bool">
PASS
</testcase>
<testcase name="TestSimpleFile/comparisons/ne_literal/not_ne_list_of_list">
PASS
</testcase>
<testcase name="TestSimpleFile/comparisons/ne_literal/ne_map_by_value">
PASS
</testcase>
<testcase name="TestSimpleFile/comparisons/ne_literal/ne_map_by_key">
PASS
</testcase>
<testcase name="TestSimpleFile/comparisons/ne_literal/not_ne_map_int_to_float">
PASS
</testcase>
<testcase name="TestSimpleFile/comparisons/ne_literal/not_ne_map_key_order">
PASS
</testcase>
<testcase name="TestSimpleFile/comparisons/lt_literal/lt_int">
PASS
</testcase>
<testcase name="TestSimpleFile/comparisons/lt_literal/not_lt_int">
PASS
</testcase>
<testcase name="TestSimpleFile/comparisons/lt_literal/lt_uint">
PASS
</testcase>
<testcase name="TestSimpleFile/comparisons/lt_literal/not_lt_uint">
PASS
</testcase>
<testcase name="TestSimpleFile/comparisons/lt_literal/lt_double">
PASS
</testcase>
<testcase name="TestSimpleFile/comparisons/lt_literal/not_lt_double">
PASS
</testcase>
<testcase name="TestSimpleFile/comparisons/lt_literal/lt_string">
PASS
</testcase>
<testcase name="TestSimpleFile/comparisons/lt_literal/lt_string_empty_to_nonempty">
PASS
</testcase>
<testcase name="TestSimpleFile/comparisons/lt_literal/lt_string_case">
PASS
</testcase>
<testcase name="TestSimpleFile/comparisons/lt_literal/lt_string_length">
PASS
</testcase>
<testcase name="TestSimpleFile/comparisons/lt_literal/lt_string_diacritical_mark_sensitive">
PASS
</testcase>
<testcase name="TestSimpleFile/comparisons/lt_literal/not_lt_string_empty">
PASS
</testcase>
<testcase name="TestSimpleFile/comparisons/lt_literal/not_lt_string_same">
PASS
</testcase>
<testcase name="TestSimpleFile/comparisons/lt_literal/not_lt_string_case_length">
PASS
</testcase>
<testcase name="TestSimpleFile/comparisons/lt_literal/lt_bytes">
PASS
</testcase>
<testcase name="TestSimpleFile/comparisons/lt_literal/not_lt_bytes_same">
PASS
</testcase>
<testcase name="TestSimpleFile/comparisons/lt_literal/not_lt_bytes_width">
PASS
</testcase>
<testcase name="TestSimpleFile/comparisons/lt_literal/lt_bool_false_first">
PASS
</testcase>
<testcase name="TestSimpleFile/comparisons/lt_literal/not_lt_bool_same">
PASS
</testcase>
<testcase name="TestSimpleFile/comparisons/lt_literal/not_lt_bool_true_first">
PASS
</testcase>
<testcase name="TestSimpleFile/comparisons/lt_literal/lt_list_unsupported">
PASS
</testcase>
<testcase name="TestSimpleFile/comparisons/lt_literal/lt_map_unsupported">
PASS
</testcase>
<testcase name="TestSimpleFile/comparisons/lt_literal/lt_null_unsupported">
PASS
</testcase>
<testcase name="TestSimpleFile/comparisons/gt_literal/gt_int">
PASS
</testcase>
<testcase name="TestSimpleFile/comparisons/gt_literal/not_gt_int">
PASS
</testcase>
<testcase name="TestSimpleFile/comparisons/gt_literal/gt_double">
PASS
</testcase>
<testcase name="TestSimpleFile/comparisons/gt_literal/not_gt_double">
PASS
</testcase>
<testcase name="TestSimpleFile/comparisons/gt_literal/gt_string_case">
PASS
</testcase>
<testcase name="TestSimpleFile/comparisons/gt_literal/gt_string_to_empty">
PASS
</testcase>
<testcase name="TestSimpleFile/comparisons/gt_literal/not_gt_string_empty_to_empty">
PASS
</testcase>
<testcase name="TestSimpleFile/comparisons/gt_literal/gt_bytes_one">
PASS
</testcase>
<testcase name="TestSimpleFile/comparisons/gt_literal/gt_bytes_one_to_empty">
PASS
</testcase>
<testcase name="TestSimpleFile/comparisons/gt_literal/not_gt_bytes_sorting">
PASS
</testcase>
<testcase name="TestSimpleFile/comparisons/gt_literal/gt_bool_true_false">
PASS
</testcase>
<testcase name="TestSimpleFile/comparisons/gt_literal/not_gt_bool_false_true">
PASS
</testcase>
<testcase name="TestSimpleFile/comparisons/gt_literal/not_gt_bool_same">
PASS
</testcase>
<testcase name="TestSimpleFile/comparisons/gt_literal/gt_null_unsupported">
PASS
</testcase>
<testcase name="TestSimpleFile/comparisons/gt_literal/gt_list_unsupported">
PASS
</testcase>
<testcase name="TestSimpleFile/comparisons/gt_literal/gt_map_unsupported">
PASS
</testcase>
<testcase name="TestSimpleFile/comparisons/lte_literal/lte_int_lt">
PASS
</testcase>
<testcase name="TestSimpleFile/comparisons/lte_literal/lte_int_eq">
PASS
</testcase>
<testcase name="TestSimpleFile/comparisons/lte_literal/not_lte_int_gt">
PASS
</testcase>
<testcase name="TestSimpleFile/comparisons/lte_literal/lte_uint_lt">
PASS
</testcase>
<testcase name="TestSimpleFile/comparisons/lte_literal/lte_uint_eq">
PASS
</testcase>
<testcase name="TestSimpleFile/comparisons/lte_literal/not_lte_uint_gt">
PASS
</testcase>
<testcase name="TestSimpleFile/comparisons/lte_literal/lte_double_lt">
PASS
</testcase>
<testcase name="TestSimpleFile/comparisons/lte_literal/lte_double_eq">
PASS
</testcase>
<testcase name="TestSimpleFile/comparisons/lte_literal/not_lte_double_gt">
PASS
</testcase>
<testcase name="TestSimpleFile/comparisons/lte_literal/lte_string_empty">
PASS
</testcase>
<testcase name="TestSimpleFile/comparisons/lte_literal/lte_string_from_empty">
PASS
</testcase>
<testcase name="TestSimpleFile/comparisons/lte_literal/not_lte_string_to_empty">
PASS
</testcase>
<testcase name="TestSimpleFile/comparisons/lte_literal/lte_string_lexicographical">
PASS
</testcase>
<testcase name="TestSimpleFile/comparisons/lte_literal/lte_bytes_empty">
PASS
</testcase>
<testcase name="TestSimpleFile/comparisons/lte_literal/not_lte_bytes_length">
PASS
</testcase>
<testcase name="TestSimpleFile/comparisons/lte_literal/lte_bool_false_true">
PASS
</testcase>
<testcase name="TestSimpleFile/comparisons/lte_literal/lte_bool_false_false">
PASS
</testcase>
<testcase name="TestSimpleFile/comparisons/lte_literal/lte_bool_true_false">
PASS
</testcase>
<testcase name="TestSimpleFile/comparisons/lte_literal/lte_null_unsupported">
PASS
</testcase>
<testcase name="TestSimpleFile/comparisons/lte_literal/lte_list_unsupported">
PASS
</testcase>
<testcase name="TestSimpleFile/comparisons/lte_literal/lte_map_unsupported">
PASS
</testcase>
<testcase name="TestSimpleFile/comparisons/gte_literal/gte_int_gt">
PASS
</testcase>
<testcase name="TestSimpleFile/comparisons/gte_literal/gte_int_eq">
PASS
</testcase>
<testcase name="TestSimpleFile/comparisons/gte_literal/not_gte_int_lt">
PASS
</testcase>
<testcase name="TestSimpleFile/comparisons/gte_literal/gte_uint_gt">
PASS
</testcase>
<testcase name="TestSimpleFile/comparisons/gte_literal/gte_uint_eq">
PASS
</testcase>
<testcase name="TestSimpleFile/comparisons/gte_literal/not_gte_uint_lt">
PASS
</testcase>
<testcase name="TestSimpleFile/comparisons/gte_literal/gte_double_gt">
PASS
</testcase>
<testcase name="TestSimpleFile/comparisons/gte_literal/gte_double_eq">
PASS
</testcase>
<testcase name="TestSimpleFile/comparisons/gte_literal/not_gte_double_lt">
PASS
</testcase>
<testcase name="TestSimpleFile/comparisons/gte_literal/gte_string_empty">
PASS
</testcase>
<testcase name="TestSimpleFile/comparisons/gte_literal/gte_string_to_empty">
PASS
</testcase>
<testcase name="TestSimpleFile/comparisons/gte_literal/gte_string_empty_to_nonempty">
PASS
</testcase>
<testcase name="TestSimpleFile/comparisons/gte_literal/gte_string_length">
PASS
</testcase>
<testcase name="TestSimpleFile/comparisons/gte_literal/not_gte_string_lexicographical">
PASS
</testcase>
<testcase name="TestSimpleFile/comparisons/gte_literal/gte_bytes_to_empty">
PASS
</testcase>
<testcase name="TestSimpleFile/comparisons/gte_literal/not_gte_bytes_empty_to_nonempty">
PASS
</testcase>
<testcase name="TestSimpleFile/comparisons/gte_literal/gte_bytes_samelength">
PASS
</testcase>
<testcase name="TestSimpleFile/comparisons/gte_literal/gte_bool_gt">
PASS
</testcase>
<testcase name="TestSimpleFile/comparisons/gte_literal/gte_bool_eq">
PASS
</testcase>
<testcase name="TestSimpleFile/comparisons/gte_literal/not_gte_bool_lt">
PASS
</testcase>
<testcase name="TestSimpleFile/comparisons/gte_literal/gte_null_unsupported">
PASS
</testcase>
<testcase name="TestSimpleFile/comparisons/gte_literal/gte_list_unsupported">
PASS
</testcase>
<testcase name="TestSimpleFile/comparisons/gte_literal/gte_map_unsupported">
PASS
</testcase>
<testcase name="TestSimpleFile/comparisons/in_list_literal/elem_not_in_empty_list">
PASS
</testcase>
<testcase name="TestSimpleFile/comparisons/in_list_literal/elem_in_list">
PASS
</testcase>
<testcase name="TestSimpleFile/comparisons/in_list_literal/elem_not_in_list">
PASS
</testcase>
<testcase name="TestSimpleFile/comparisons/in_list_literal/elem_in_mixed_type_list">
PASS
</testcase>
<testcase name="TestSimpleFile/comparisons/in_list_literal/elem_in_mixed_type_list_error">
PASS
</testcase>
<testcase name="TestSimpleFile/comparisons/in_map_literal/key_not_in_empty_map">
PASS
</testcase>
<testcase name="TestSimpleFile/comparisons/in_map_literal/key_in_map">
PASS
</testcase>
<testcase name="TestSimpleFile/comparisons/in_map_literal/key_not_in_map">
PASS
</testcase>
<testcase name="TestSimpleFile/comparisons/in_map_literal/key_in_mixed_key_type_map">
PASS
</testcase>
<testcase name="TestSimpleFile/comparisons/bound/bytes_gt_left_false">
PASS
</testcase>
<testcase name="TestSimpleFile/comparisons/bound/int_lte_right_true">
PASS
</testcase>
<testcase name="TestSimpleFile/comparisons/bound/bool_lt_right_true">
PASS
</testcase>
<testcase name="TestSimpleFile/comparisons/bound/double_ne_left_false">
PASS
</testcase>
<testcase name="TestSimpleFile/comparisons/bound/map_ne_right_false">
PASS
</testcase>
<testcase name="TestSimpleFile/comparisons/bound/null_eq_left_true">
PASS
</testcase>
<testcase name="TestSimpleFile/comparisons/bound/list_eq_right_false">
PASS
</testcase>
<testcase name="TestSimpleFile/comparisons/bound/string_gte_right_true">
PASS
</testcase>
<testcase name="TestSimpleFile/comparisons/bound/uint_eq_right_false">
PASS
</testcase>
<testcase name="TestSimpleFile/comparisons/bound/null_lt_right_no_such_overload">
PASS
</testcase>
<testcase name="TestSimpleFile/fields/map_fields/map_key_int64">
PASS
</testcase>
<testcase name="TestSimpleFile/fields/map_fields/map_key_uint64">
PASS
</testcase>
<testcase name="TestSimpleFile/fields/map_fields/map_key_string">
PASS
</testcase>
<testcase name="TestSimpleFile/fields/map_fields/map_key_bool">
PASS
</testcase>
<testcase name="TestSimpleFile/fields/map_fields/map_key_mix_type">
PASS
</testcase>
<testcase name="TestSimpleFile/fields/map_fields/map_field_access">
PASS
</testcase>
<testcase name="TestSimpleFile/fields/map_fields/map_no_such_key">
PASS
</testcase>
<testcase name="TestSimpleFile/fields/map_fields/map_field_select_no_such_key">
PASS
</testcase>
<testcase name="TestSimpleFile/fields/map_fields/map_value_null">
PASS
</testcase>
<testcase name="TestSimpleFile/fields/map_fields/map_value_bool">
PASS
</testcase>
<testcase name="TestSimpleFile/fields/map_fields/map_value_string">
PASS
</testcase>
<testcase name="TestSimpleFile/fields/map_fields/map_value_float">
PASS
</testcase>
<testcase name="TestSimpleFile/fields/map_fields/map_value_uint64">
PASS
</testcase>
<testcase name="TestSimpleFile/fields/map_fields/map_value_int64">
PASS
</testcase>
<testcase name="TestSimpleFile/fields/map_fields/map_value_bytes">
PASS
</testcase>
<testcase name="TestSimpleFile/fields/map_fields/map_value_list">
PASS
</testcase>
<testcase name="TestSimpleFile/fields/map_fields/map_value_map">
PASS
</testcase>
<testcase name="TestSimpleFile/fields/map_fields/map_value_mix_type">
PASS
</testcase>
<testcase name="TestSimpleFile/fields/qualified_identifier_resolution/qualified_ident">
PASS
</testcase>
<testcase name="TestSimpleFile/fields/qualified_identifier_resolution/map_field_select">
PASS
</testcase>
<testcase name="TestSimpleFile/fields/qualified_identifier_resolution/qualified_identifier_resolution_unchecked">
PASS
</testcase>
<testcase name="TestSimpleFile/fields/qualified_identifier_resolution/list_field_select_unsupported">
PASS
</testcase>
<testcase name="TestSimpleFile/fields/qualified_identifier_resolution/int64_field_select_unsupported">
PASS
</testcase>
<testcase name="TestSimpleFile/fields/qualified_identifier_resolution/ident_with_longest_prefix_check">
PASS
</testcase>
<testcase name="TestSimpleFile/fp_math/fp_math/add_positive_positive">
PASS
</testcase>
<testcase name="TestSimpleFile/fp_math/fp_math/add_positive_negative">
PASS
</testcase>
<testcase name="TestSimpleFile/fp_math/fp_math/add_negative_negative">
PASS
</testcase>
<testcase name="TestSimpleFile/fp_math/fp_math/sub_positive_positive">
PASS
</testcase>
<testcase name="TestSimpleFile/fp_math/fp_math/sub_positive_negative">
PASS
</testcase>
<testcase name="TestSimpleFile/fp_math/fp_math/sub_negative_negative">
PASS
</testcase>
<testcase name="TestSimpleFile/fp_math/fp_math/multiply_positive_positive">
PASS
</testcase>
<testcase name="TestSimpleFile/fp_math/fp_math/multiply_positive_negative">
PASS
</testcase>
<testcase name="TestSimpleFile/fp_math/fp_math/multiply_negative_negative">
PASS
</testcase>
<testcase name="TestSimpleFile/fp_math/fp_math/divide_positive_positive">
PASS
</testcase>
<testcase name="TestSimpleFile/fp_math/fp_math/divide_positive_negative">
PASS
</testcase>
<testcase name="TestSimpleFile/fp_math/fp_math/divide_negative_negative">
PASS
</testcase>
<testcase name="TestSimpleFile/fp_math/fp_math/mod_not_support">
PASS
</testcase>
<testcase name="TestSimpleFile/fp_math/fp_math/negtive">
PASS
</testcase>
<testcase name="TestSimpleFile/fp_math/fp_math/double_negtive">
PASS
</testcase>
<testcase name="TestSimpleFile/fp_math/fp_math/negtive_zero">
PASS
</testcase>
<testcase name="TestSimpleFile/fp_math/fp_math/divide_zero">
PASS
</testcase>
<testcase name="TestSimpleFile/fp_math/fp_math/multiply_zero">
PASS
</testcase>
<testcase name="TestSimpleFile/fp_math/fp_math/add_left_identity">
PASS
</testcase>
<testcase name="TestSimpleFile/fp_math/fp_math/add_right_identity">
PASS
</testcase>
<testcase name="TestSimpleFile/fp_math/fp_math/add_commutative">
PASS
</testcase>
<testcase name="TestSimpleFile/fp_math/fp_math/add_associative">
PASS
</testcase>
<testcase name="TestSimpleFile/fp_math/fp_math/mul_left_identity">
PASS
</testcase>
<testcase name="TestSimpleFile/fp_math/fp_math/mul_right_identity">
PASS
</testcase>
<testcase name="TestSimpleFile/fp_math/fp_math/mul_commutative">
PASS
</testcase>
<testcase name="TestSimpleFile/fp_math/fp_math/mul_associative">
PASS
</testcase>
<testcase name="TestSimpleFile/fp_math/fp_math/add_mul_distribute">
PASS
</testcase>
<testcase name="TestSimpleFile/fp_math/fp_math/fp_overflow_positive">
PASS
</testcase>
<testcase name="TestSimpleFile/fp_math/fp_math/fp_overflow_negative">
PASS
</testcase>
<testcase name="TestSimpleFile/fp_math/fp_math/fp_underflow">
PASS
</testcase>
<testcase name="TestSimpleFile/integer_math/int64_math/add_positive_positive">
PASS
</testcase>
<testcase name="TestSimpleFile/integer_math/int64_math/add_positive_negative">
PASS
</testcase>
<testcase name="TestSimpleFile/integer_math/int64_math/add_negative_negative">
PASS
</testcase>
<testcase name="TestSimpleFile/integer_math/int64_math/sub_positive_positive">
PASS
</testcase>
<testcase name="TestSimpleFile/integer_math/int64_math/sub_positive_negative">
PASS
</testcase>
<testcase name="TestSimpleFile/integer_math/int64_math/sub_negative_negative">
PASS
</testcase>
<testcase name="TestSimpleFile/integer_math/int64_math/multiply_positive_positive">
PASS
</testcase>
<testcase name="TestSimpleFile/integer_math/int64_math/multiply_positive_negative">
PASS
</testcase>
<testcase name="TestSimpleFile/integer_math/int64_math/multiply_negative_negative">
PASS
</testcase>
<testcase name="TestSimpleFile/integer_math/int64_math/divide_positive_positive">
PASS
</testcase>
<testcase name="TestSimpleFile/integer_math/int64_math/divide_positive_negative">
PASS
</testcase>
<testcase name="TestSimpleFile/integer_math/int64_math/divide_negative_negative">
PASS
</testcase>
<testcase name="TestSimpleFile/integer_math/int64_math/mod_positive_positive">
PASS
</testcase>
<testcase name="TestSimpleFile/integer_math/int64_math/mod_positive_negative">
PASS
</testcase>
<testcase name="TestSimpleFile/integer_math/int64_math/mod_negative_negative">
PASS
</testcase>
<testcase name="TestSimpleFile/integer_math/int64_math/negtive">
PASS
</testcase>
<testcase name="TestSimpleFile/integer_math/int64_math/mod_zero">
PASS
</testcase>
<testcase name="TestSimpleFile/integer_math/int64_math/negtive_zero">
PASS
</testcase>
<testcase name="TestSimpleFile/integer_math/int64_math/double_negtive">
PASS
</testcase>
<testcase name="TestSimpleFile/integer_math/int64_math/divide_zero">
PASS
</testcase>
<testcase name="TestSimpleFile/integer_math/int64_math/multiply_zero">
PASS
</testcase>
<testcase name="TestSimpleFile/integer_math/int64_math/add_left_identity">
PASS
</testcase>
<testcase name="TestSimpleFile/integer_math/int64_math/add_right_identity">
PASS
</testcase>
<testcase name="TestSimpleFile/integer_math/int64_math/add_commutative">
PASS
</testcase>
<testcase name="TestSimpleFile/integer_math/int64_math/add_associative">
PASS
</testcase>
<testcase name="TestSimpleFile/integer_math/int64_math/mul_left_identity">
PASS
</testcase>
<testcase name="TestSimpleFile/integer_math/int64_math/mul_right_identity">
PASS
</testcase>
<testcase name="TestSimpleFile/integer_math/int64_math/mul_commutative">
PASS
</testcase>
<testcase name="TestSimpleFile/integer_math/int64_math/mul_associative">
PASS
</testcase>
<testcase name="TestSimpleFile/integer_math/int64_math/add_mul_distribute">
PASS
</testcase>
<testcase name="TestSimpleFile/integer_math/uint64_math/add">
PASS
</testcase>
<testcase name="TestSimpleFile/integer_math/uint64_math/sub">
PASS
</testcase>
<testcase name="TestSimpleFile/integer_math/uint64_math/multiply">
PASS
</testcase>
<testcase name="TestSimpleFile/integer_math/uint64_math/divide">
PASS
</testcase>
<testcase name="TestSimpleFile/integer_math/uint64_math/mod">
PASS
</testcase>
<testcase name="TestSimpleFile/integer_math/uint64_math/negtive_no_overload">
PASS
</testcase>
<testcase name="TestSimpleFile/integer_math/uint64_math/mod_zero">
PASS
</testcase>
<testcase name="TestSimpleFile/integer_math/uint64_math/divide_zero">
PASS
</testcase>
<testcase name="TestSimpleFile/integer_math/uint64_math/multiply_zero">
PASS
</testcase>
<testcase name="TestSimpleFile/integer_math/uint64_math/add_left_identity">
PASS
</testcase>
<testcase name="TestSimpleFile/integer_math/uint64_math/add_right_identity">
PASS
</testcase>
<testcase name="TestSimpleFile/integer_math/uint64_math/add_commutative">
PASS
</testcase>
<testcase name="TestSimpleFile/integer_math/uint64_math/add_associative">
PASS
</testcase>
<testcase name="TestSimpleFile/integer_math/uint64_math/mul_left_identity">
PASS
</testcase>
<testcase name="TestSimpleFile/integer_math/uint64_math/mul_right_identity">
PASS
</testcase>
<testcase name="TestSimpleFile/integer_math/uint64_math/mul_commutative">
PASS
</testcase>
<testcase name="TestSimpleFile/integer_math/uint64_math/mul_associative">
PASS
</testcase>
<testcase name="TestSimpleFile/integer_math/uint64_math/add_mul_distribute">
PASS
</testcase>
<testcase name="TestSimpleFile/lists/concatentation/list_append">
PASS
</testcase>
<testcase name="TestSimpleFile/lists/concatentation/list_not_commutative">
PASS
</testcase>
<testcase name="TestSimpleFile/lists/concatentation/list_repeat">
PASS
</testcase>
<testcase name="TestSimpleFile/logic/conditional/true_case">
PASS
</testcase>
<testcase name="TestSimpleFile/logic/conditional/false_case">
PASS
</testcase>
<testcase name="TestSimpleFile/logic/conditional/error_case">
PASS
</testcase>
<testcase name="TestSimpleFile/logic/conditional/mixed_type">
PASS
</testcase>
<testcase name="TestSimpleFile/logic/conditional/bad_type">
PASS
</testcase>
<testcase name="TestSimpleFile/logic/AND/all_true">
PASS
</testcase>
<testcase name="TestSimpleFile/logic/AND/all_false">
PASS
</testcase>
<testcase name="TestSimpleFile/logic/AND/false_left">
PASS
</testcase>
<testcase name="TestSimpleFile/logic/AND/false_right">
PASS
</testcase>
<testcase name="TestSimpleFile/logic/AND/short_circuit_type_left">
PASS
</testcase>
<testcase name="TestSimpleFile/logic/AND/short_circuit_type_right">
PASS
</testcase>
<testcase name="TestSimpleFile/logic/AND/short_circuit_error_left">
PASS
</testcase>
<testcase name="TestSimpleFile/logic/AND/short_circuit_error_right">
PASS
</testcase>
<testcase name="TestSimpleFile/logic/AND/no_overload">
PASS
</testcase>
<testcase name="TestSimpleFile/logic/OR/all_true">
PASS
</testcase>
<testcase name="TestSimpleFile/logic/OR/all_false">
PASS
</testcase>
<testcase name="TestSimpleFile/logic/OR/false_left">
PASS
</testcase>
<testcase name="TestSimpleFile/logic/OR/false_right">
PASS
</testcase>
<testcase name="TestSimpleFile/logic/OR/short_circuit_type_left">
PASS
</testcase>
<testcase name="TestSimpleFile/logic/OR/short_circuit_type_right">
PASS
</testcase>
<testcase name="TestSimpleFile/logic/OR/short_circuit_error_left">
PASS
</testcase>
<testcase name="TestSimpleFile/logic/OR/short_circuit_error_right">
PASS
</testcase>
<testcase name="TestSimpleFile/logic/OR/no_overload">
PASS
</testcase>
<testcase name="TestSimpleFile/logic/NOT/not_true">
PASS
</testcase>
<testcase name="TestSimpleFile/logic/NOT/not_false">
PASS
</testcase>
<testcase name="TestSimpleFile/macros/exists/list_elem_exists">
PASS
</testcase>
<testcase name="TestSimpleFile/macros/exists/not_list_elem_exists">
PASS
</testcase>
<testcase name="TestSimpleFile/macros/exists/list_elem_mixed_type_exists">
PASS
</testcase>
<testcase name="TestSimpleFile/macros/exists/list_elem_mixed_type_exists_error">
PASS
</testcase>
<testcase name="TestSimpleFile/macros/exists/map_key_exists">
PASS
</testcase>
<testcase name="TestSimpleFile/macros/exists/not_map_key_exists">
PASS
</testcase>
<testcase name="TestSimpleFile/macros/exists/map_key_mixed_type_exists">
PASS
</testcase>
<testcase name="TestSimpleFile/macros/exists/map_key_mixed_type_exists_error">
PASS
</testcase>
<testcase name="TestSimpleFile/string/starts_with/basic_true">
PASS
</testcase>
<testcase name="TestSimpleFile/string/starts_with/basic_false">
PASS
</testcase>
<testcase name="TestSimpleFile/string/starts_with/empty_target">
PASS
</testcase>
<testcase name="TestSimpleFile/string/starts_with/empty_arg">
PASS
</testcase>
<testcase name="TestSimpleFile/string/starts_with/empty_empty">
PASS
</testcase>
<testcase name="TestSimpleFile/string/ends_with/basic_true">
PASS
</testcase>
<testcase name="TestSimpleFile/string/ends_with/basic_false">
PASS
</testcase>
<testcase name="TestSimpleFile/string/ends_with/empty_target">
PASS
</testcase>
<testcase name="TestSimpleFile/string/ends_with/empty_arg">
PASS
</testcase>
<testcase name="TestSimpleFile/string/ends_with/empty_empty">
PASS
</testcase>
<testcase name="TestSimpleFile/string/matches/basic">
PASS
</testcase>
<testcase name="TestSimpleFile/string/matches/empty_target">
PASS
</testcase>
<testcase name="TestSimpleFile/string/matches/empty_arg">
PASS
</testcase>
<testcase name="TestSimpleFile/string/matches/empty_empty">
PASS
</testcase>
<testcase name="TestSimpleFile/string/matches/re_concat">
PASS
</testcase>
<testcase name="TestSimpleFile/string/matches/re_alt">
PASS
</testcase>
<testcase name="TestSimpleFile/string/matches/re_rep">
PASS
</testcase>
<testcase name="TestSimpleFile/string/concatentation/concat_true">
PASS
</testcase>
<testcase name="TestSimpleFile/string/concatentation/concat_with_spaces">
PASS
</testcase>
<testcase name="TestSimpleFile/string/concatentation/concat_empty_string_beginning">
PASS
</testcase>
<testcase name="TestSimpleFile/string/concatentation/concat_empty_string_end">
PASS
</testcase>
<testcase name="TestSimpleFile/string/concatentation/concat_empty_with_empty">
PASS
</testcase>
<testcase name="TestSimpleFile/string/contains/contains_true">
PASS
</testcase>
<testcase name="TestSimpleFile/string/contains/contains_empty">
PASS
</testcase>
<testcase name="TestSimpleFile/string/contains/contains_false">
PASS
</testcase>
<testcase name="TestSimpleFile/string/contains/contains_multiple">
PASS
</testcase>
<testcase name="TestSimpleFile/timestamps/timestamp_conversions/toInt_timestamp">
PASS
</testcase>
<testcase name="TestSimpleFile/timestamps/timestamp_conversions/toString_timestamp">
PASS
</testcase>
<testcase name="TestSimpleFile/timestamps/timestamp_conversions/toType_timestamp">
PASS
</testcase>
<testcase name="TestSimpleFile/timestamps/duration_conversions/toString_duration">
PASS
</testcase>
<testcase name="TestSimpleFile/timestamps/duration_conversions/toType_duration">
PASS
</testcase>
<testcase name="TestSimpleFile/timestamps/timestamp_selectors/getDate">
PASS
</testcase>
<testcase name="TestSimpleFile/timestamps/timestamp_selectors/getDayOfMonth">
PASS
</testcase>
<testcase name="TestSimpleFile/timestamps/timestamp_selectors/getDayOfWeek">
PASS
</testcase>
<testcase name="TestSimpleFile/timestamps/timestamp_selectors/getDayOfYear">
PASS
</testcase>
<testcase name="TestSimpleFile/timestamps/timestamp_selectors/getFullYear">
PASS
</testcase>
<testcase name="TestSimpleFile/timestamps/timestamp_selectors/getHours">
PASS
</testcase>
<testcase name="TestSimpleFile/timestamps/timestamp_selectors/getMilliseconds">
PASS
</testcase>
<testcase name="TestSimpleFile/timestamps/timestamp_selectors/getMinutes">
PASS
</testcase>
<testcase name="TestSimpleFile/timestamps/timestamp_selectors/getMonth">
PASS
</testcase>
<testcase name="TestSimpleFile/timestamps/timestamp_selectors/getSeconds">
PASS
</testcase>
<testcase name="TestSimpleFile/timestamps/timestamp_selectors_tz/getDate">
PASS
</testcase>
<testcase name="TestSimpleFile/timestamps/timestamp_selectors_tz/getDayOfMonth_name_pos">
PASS
</testcase>
<testcase name="TestSimpleFile/timestamps/timestamp_selectors_tz/getDayOfMonth_numerical_pos">
PASS
</testcase>
<testcase name="TestSimpleFile/timestamps/timestamp_selectors_tz/getDayOfMonth_numerical_neg">
PASS
</testcase>
<testcase name="TestSimpleFile/timestamps/timestamp_selectors_tz/getDayOfMonth_name_neg">
PASS
</testcase>
<testcase name="TestSimpleFile/timestamps/timestamp_selectors_tz/getDayOfWeek">
PASS
</testcase>
<testcase name="TestSimpleFile/timestamps/timestamp_selectors_tz/getDayOfYear">
PASS
</testcase>
<testcase name="TestSimpleFile/timestamps/timestamp_selectors_tz/getFullYear">
PASS
</testcase>
<testcase name="TestSimpleFile/timestamps/timestamp_selectors_tz/getHours">
PASS
</testcase>
<testcase name="TestSimpleFile/timestamps/timestamp_selectors_tz/getMinutes">
PASS
</testcase>
<testcase name="TestSimpleFile/timestamps/timestamp_selectors_tz/getMonth">
PASS
</testcase>
<testcase name="TestSimpleFile/timestamps/timestamp_selectors_tz/getSeconds">
PASS
</testcase>
<testcase name="TestSimpleFile/timestamps/timestamp_comparisons/equal_same">
PASS
</testcase>
<testcase name="TestSimpleFile/timestamps/timestamp_comparisons/equal_diff">
PASS
</testcase>
<testcase name="TestSimpleFile/timestamps/timestamp_arithmetic/add_duration_to_time">
PASS
</testcase>
<testcase name="TestSimpleFile/timestamps/timestamp_arithmetic/add_time_to_duration">
PASS
</testcase>
<testcase name="TestSimpleFile/timestamps/timestamp_arithmetic/add_duration_to_duration">
PASS
</testcase>
<testcase name="TestSimpleFile/timestamps/timestamp_arithmetic/subtract_duration_from_time">
PASS
</testcase>
<testcase name="TestSimpleFile/timestamps/timestamp_arithmetic/subtract_time_from_time">
PASS
</testcase>
<testcase name="TestSimpleFile/timestamps/timestamp_arithmetic/subtract_duration_from_duration">
PASS
</testcase>
<testcase name="TestSimpleFile/timestamps/timestamp_comparisons/leq_timestamp_true">
PASS
</testcase>
<testcase name="TestSimpleFile/timestamps/timestamp_comparisons/leq_timestamp_false">
PASS
</testcase>
<testcase name="TestSimpleFile/timestamps/timestamp_comparisons/leq_duration_true">
PASS
</testcase>
<testcase name="TestSimpleFile/timestamps/timestamp_comparisons/leq_duration_false">
PASS
</testcase>
<testcase name="TestSimpleFile/timestamps/timestamp_comparisons/less_timestamp_true">
PASS
</testcase>
<testcase name="TestSimpleFile/timestamps/timestamp_comparisons/less_duration_true">
PASS
</testcase>
<testcase name="TestSimpleFile/timestamps/timestamp_comparisons/geq_timestamp_true">
PASS
</testcase>
<testcase name="TestSimpleFile/timestamps/timestamp_comparisons/geq_timestamp_false">
PASS
</testcase>
<testcase name="TestSimpleFile/timestamps/timestamp_comparisons/geq_duration_true">
PASS
</testcase>
<testcase name="TestSimpleFile/timestamps/timestamp_comparisons/geq_duration_false">
PASS
</testcase>
<testcase name="TestSimpleFile/timestamps/timestamp_comparisons/greater_timestamp_true">
PASS
</testcase>
<testcase name="TestSimpleFile/timestamps/timestamp_comparisons/greater_duration_true">
PASS
</testcase>
    </testsuite>
</testsuites>
